<?xml version="1.0" encoding="UTF-8"?>
<testsuite name="com.telrun.qa2729.contacts.tests.LoginTests" tests="1" skipped="0" failures="0" errors="0" timestamp="2022-08-02T10:04:33" hostname="COMPUTER" time="0.892">
  <properties/>
  <testcase name="loginUserPositiveTest" classname="com.telrun.qa2729.contacts.tests.LoginTests" time="0.892"/>
  <system-out><![CDATA[]]></system-out>
  <system-err><![CDATA[Starting ChromeDriver 102.0.5005.61 (0e59bcc00cc4985ce39ad31c150065f159d95ad3-refs/branch-heads/5005@{#819}) on port 38730
Only local connections are allowed.
Please see https://chromedriver.chromium.org/security-considerations for suggestions on keeping ChromeDriver safe.
ChromeDriver was started successfully.
[1659434672.985][WARNING]: This version of ChromeDriver has not been tested with Chrome version 103.
авг. 02, 2022 12:04:33 PM org.openqa.selenium.remote.ProtocolHandshake createSession
INFO: Detected dialect: W3C
]]></system-err>
</testsuite>
